<html>
<head>
<title>TestNG:  packages</title>
<link href="../testng.css" rel="stylesheet" type="text/css" />
<link href="../my-testng.css" rel="stylesheet" type="text/css" />

<style type="text/css">
.log { display: none;} 
.stack-trace { display: none;} 
</style>
<script type="text/javascript">
<!--
function flip(e) {
  current = e.style.display;
  if (current == 'block') {
    e.style.display = 'none';
    return 0;
  }
  else {
    e.style.display = 'block';
    return 1;
  }
}

function toggleBox(szDivId, elem, msg1, msg2)
{
  var res = -1;  if (document.getElementById) {
    res = flip(document.getElementById(szDivId));
  }
  else if (document.all) {
    // this is the way old msie versions work
    res = flip(document.all[szDivId]);
  }
  if(elem) {
    if(res == 0) elem.innerHTML = msg1; else elem.innerHTML = msg2;
  }

}

function toggleAllBoxes() {
  if (document.getElementsByTagName) {
    d = document.getElementsByTagName('div');
    for (i = 0; i < d.length; i++) {
      if (d[i].className == 'log') {
        flip(d[i]);
      }
    }
  }
}

// -->
</script>

</head>
<body>
<h2 align='center'>packages</h2><table border='1' align="center">
<tr>
<td>Tests passed/Failed/Skipped:</td><td>5/1/0</td>
</tr><tr>
<td>Started on:</td><td>Wed Mar 30 20:43:50 EEST 2016</td>
</tr>
<tr><td>Total time:</td><td>55 seconds (55441 ms)</td>
</tr><tr>
<td>Included groups:</td><td></td>
</tr><tr>
<td>Excluded groups:</td><td></td>
</tr>
</table><p/>
<small><i>(Hover the method name to see the test class name)</i></small><p/>
<table width='100%' border='1' class='invocation-failed'>
<tr><td colspan='4' align='center'><b>FAILED TESTS</b></td></tr>
<tr><td><b>Test method</b></td>
<td width="30%"><b>Exception</b></td>
<td width="10%"><b>Time (seconds)</b></td>
<td><b>Instance</b></td>
</tr>
<tr>
<td title='tests.components.home_page.HomePageTest.canVerifyContentOfHomePage()'><b>canVerifyContentOfHomePage</b><br>Test class: tests.components.home_page.HomePageTest</td>
<td><div><pre>java.lang.AssertionError: Sets differ: expected [File Sharing, Fun), test] but got [File Sharing, test, Fun), DirectoryName]
	at tests.components.home_page.HomePageTest.canVerifyContentOfHomePage(HomePageTest.java:28)
	at java.util.concurrent.ThreadPoolExecutor.runWorker(ThreadPoolExecutor.java:1142)
	at java.util.concurrent.ThreadPoolExecutor$Worker.run(ThreadPoolExecutor.java:617)
	at java.lang.Thread.run(Thread.java:745)
... Removed 13 stack frames</pre></div><a href='#' onClick='toggleBox("stack-trace1729394347", this, "Click to show all stack frames", "Click to hide stack frames")'>Click to show all stack frames</a>
<div class='stack-trace' id='stack-trace1729394347'><pre>java.lang.AssertionError: Sets differ: expected [File Sharing, Fun), test] but got [File Sharing, test, Fun), DirectoryName]
	at org.testng.Assert.fail(Assert.java:94)
	at org.testng.Assert.assertEquals(Assert.java:808)
	at org.testng.Assert.assertEquals(Assert.java:786)
	at tests.components.home_page.HomePageTest.canVerifyContentOfHomePage(HomePageTest.java:28)
	at sun.reflect.NativeMethodAccessorImpl.invoke0(Native Method)
	at sun.reflect.NativeMethodAccessorImpl.invoke(NativeMethodAccessorImpl.java:62)
	at sun.reflect.DelegatingMethodAccessorImpl.invoke(DelegatingMethodAccessorImpl.java:43)
	at java.lang.reflect.Method.invoke(Method.java:498)
	at org.testng.internal.MethodInvocationHelper.invokeMethod(MethodInvocationHelper.java:85)
	at org.testng.internal.Invoker.invokeMethod(Invoker.java:639)
	at org.testng.internal.Invoker.invokeTestMethod(Invoker.java:816)
	at org.testng.internal.Invoker.invokeTestMethods(Invoker.java:1124)
	at org.testng.internal.TestMethodWorker.invokeTestMethods(TestMethodWorker.java:125)
	at org.testng.internal.TestMethodWorker.run(TestMethodWorker.java:108)
	at java.util.concurrent.ThreadPoolExecutor.runWorker(ThreadPoolExecutor.java:1142)
	at java.util.concurrent.ThreadPoolExecutor$Worker.run(ThreadPoolExecutor.java:617)
	at java.lang.Thread.run(Thread.java:745)
</pre></div></td>
<td>0</td>
<td>tests.components.home_page.HomePageTest@69e49a81</td></tr>
</table><p>
<table width='100%' border='1' class='invocation-passed'>
<tr><td colspan='4' align='center'><b>PASSED TESTS</b></td></tr>
<tr><td><b>Test method</b></td>
<td width="30%"><b>Exception</b></td>
<td width="10%"><b>Time (seconds)</b></td>
<td><b>Instance</b></td>
</tr>
<tr>
<td title='tests.components.profile_page.EditProfileTest.canEditProfileWithValidValues()'><b>canEditProfileWithValidValues</b><br>Test class: tests.components.profile_page.EditProfileTest<br>Parameters: ProfileData{firstName='KZ', lastName='Yc', companyName='qg', website='http://www.l.c', title='q', phone='4549693', timeZone=AFRICA_ABIDJAN, itemsPerPage=20, maxFileAge=0}</td>
<td></td>
<td>12</td>
<td>tests.components.profile_page.EditProfileTest@3ece1e79</td></tr>
<tr>
<td title='tests.components.login_page.LoginTest.canLoginWithValidCredentials()'><b>canLoginWithValidCredentials</b><br>Test class: tests.components.login_page.LoginTest</td>
<td></td>
<td>20</td>
<td>tests.components.login_page.LoginTest@1023150a</td></tr>
<tr>
<td title='tests.components.login_page.LoginTest.canNotLoginWithIncorrectLogin()'><b>canNotLoginWithIncorrectLogin</b><br>Test class: tests.components.login_page.LoginTest</td>
<td></td>
<td>2</td>
<td>tests.components.login_page.LoginTest@1023150a</td></tr>
<tr>
<td title='tests.components.login_page.LoginTest.shouldAlertAppearsIfLogInWithEmptyCredentials()'><b>shouldAlertAppearsIfLogInWithEmptyCredentials</b><br>Test class: tests.components.login_page.LoginTest<br>Parameters: , Qw1111</td>
<td></td>
<td>0</td>
<td>tests.components.login_page.LoginTest@1023150a</td></tr>
<tr>
<td title='tests.components.login_page.LoginTest.shouldAlertAppearsIfLogInWithEmptyCredentials()'><b>shouldAlertAppearsIfLogInWithEmptyCredentials</b><br>Test class: tests.components.login_page.LoginTest<br>Parameters: minchekov160@hotmail.com, </td>
<td></td>
<td>0</td>
<td>tests.components.login_page.LoginTest@1023150a</td></tr>
</table><p>
</body>
</html>