<?xml version="1.0" encoding="UTF-8"?>
<!-- Generated by org.testng.reporters.JUnitXMLReporter -->
<testsuite hostname="Miha-PC" name="regression" tests="6" failures="0" timestamp="7 Feb 2016 16:03:12 GMT" time="21.855" errors="0">
  <testcase name="@BeforeMethod beforeBaseMethod" time="0.0" classname="tests.EditProfileTest">
    <failure type="org.openqa.selenium.NoSuchWindowException" message="Window not found. The browser window may have been closed.
Command duration or timeout: 25 milliseconds
Build info: version: &amp;apos;2.48.2&amp;apos;, revision: &amp;apos;41bccdd10cf2c0560f637404c2d96164b67d9d67&amp;apos;, time: &amp;apos;2015-10-09 13:08:06&amp;apos;
System info: host: &amp;apos;Miha-PC&amp;apos;, ip: &amp;apos;192.168.0.103&amp;apos;, os.name: &amp;apos;Windows 7&amp;apos;, os.arch: &amp;apos;amd64&amp;apos;, os.version: &amp;apos;6.1&amp;apos;, java.version: &amp;apos;1.8.0_72&amp;apos;
Driver info: org.openqa.selenium.firefox.FirefoxDriver
Capabilities [{applicationCacheEnabled=true, rotatable=false, handlesAlerts=true, databaseEnabled=true, version=43.0.1, platform=WINDOWS, nativeEvents=false, acceptSslCerts=true, webStorageEnabled=true, locationContextEnabled=true, browserName=firefox, takesScreenshot=true, javascriptEnabled=true, cssSelectorsEnabled=true}]
Session ID: e02a8d11-8c0a-4255-9bfd-79ae8f373d08">
      <![CDATA[org.openqa.selenium.NoSuchWindowException: Window not found. The browser window may have been closed.
Command duration or timeout: 25 milliseconds
Build info: version: '2.48.2', revision: '41bccdd10cf2c0560f637404c2d96164b67d9d67', time: '2015-10-09 13:08:06'
System info: host: 'Miha-PC', ip: '192.168.0.103', os.name: 'Windows 7', os.arch: 'amd64', os.version: '6.1', java.version: '1.8.0_72'
Driver info: org.openqa.selenium.firefox.FirefoxDriver
Capabilities [{applicationCacheEnabled=true, rotatable=false, handlesAlerts=true, databaseEnabled=true, version=43.0.1, platform=WINDOWS, nativeEvents=false, acceptSslCerts=true, webStorageEnabled=true, locationContextEnabled=true, browserName=firefox, takesScreenshot=true, javascriptEnabled=true, cssSelectorsEnabled=true}]
Session ID: e02a8d11-8c0a-4255-9bfd-79ae8f373d08
	at org.openqa.selenium.remote.ErrorHandler.createThrowable(ErrorHandler.java:206)
	at org.openqa.selenium.remote.ErrorHandler.throwIfResponseFailed(ErrorHandler.java:158)
	at org.openqa.selenium.remote.RemoteWebDriver.execute(RemoteWebDriver.java:647)
	at org.openqa.selenium.remote.RemoteWebDriver.execute(RemoteWebDriver.java:670)
	at org.openqa.selenium.remote.RemoteWebDriver$RemoteTargetLocator.alert(RemoteWebDriver.java:1007)
	at framework.pageobject.PageObject.switchToAlert(PageObject.java:22)
	at framework.pageobject.page.LoginPage.tryLoginAs(LoginPage.java:35)
	at framework.pageobject.page.LoginPage.loginAs(LoginPage.java:60)
	at tests.BaseTest.beforeBaseMethod(BaseTest.java:39)
Caused by: org.openqa.selenium.NoSuchWindowException: Window not found. The browser window may have been closed.
Build info: version: '2.48.2', revision: '41bccdd10cf2c0560f637404c2d96164b67d9d67', time: '2015-10-09 13:08:06'
System info: host: 'Miha-PC', ip: '192.168.0.103', os.name: 'Windows 7', os.arch: 'amd64', os.version: '6.1', java.version: '1.8.0_72'
Driver info: driver.version: unknown
	at <anonymous class>.nsCommandProcessor.prototype.execute(file:///C:/Users/Miha/AppData/Local/Temp/anonymous7272794387484281336webdriver-profile/extensions/fxdriver@googlecode.com/components/command-processor.js:12602)
	at <anonymous class>.Dispatcher.executeAs/<(file:///C:/Users/Miha/AppData/Local/Temp/anonymous7272794387484281336webdriver-profile/extensions/fxdriver@googlecode.com/components/driver-component.js:9455)
	at <anonymous class>.Resource.prototype.handle(file:///C:/Users/Miha/AppData/Local/Temp/anonymous7272794387484281336webdriver-profile/extensions/fxdriver@googlecode.com/components/driver-component.js:9602)
	at <anonymous class>.Dispatcher.prototype.dispatch(file:///C:/Users/Miha/AppData/Local/Temp/anonymous7272794387484281336webdriver-profile/extensions/fxdriver@googlecode.com/components/driver-component.js:9549)
	at <anonymous class>.WebDriverServer/<.handle(file:///C:/Users/Miha/AppData/Local/Temp/anonymous7272794387484281336webdriver-profile/extensions/fxdriver@googlecode.com/components/driver-component.js:12390)
	at <anonymous class>.createHandlerFunc/<(file:///C:/Users/Miha/AppData/Local/Temp/anonymous7272794387484281336webdriver-profile/extensions/fxdriver@googlecode.com/components/httpd.js:2054)
	at <anonymous class>.ServerHandler.prototype.handleResponse(file:///C:/Users/Miha/AppData/Local/Temp/anonymous7272794387484281336webdriver-profile/extensions/fxdriver@googlecode.com/components/httpd.js:2387)
	at <anonymous class>.Connection.prototype.process(file:///C:/Users/Miha/AppData/Local/Temp/anonymous7272794387484281336webdriver-profile/extensions/fxdriver@googlecode.com/components/httpd.js:1223)
	at <anonymous class>.RequestReader.prototype._handleResponse(file:///C:/Users/Miha/AppData/Local/Temp/anonymous7272794387484281336webdriver-profile/extensions/fxdriver@googlecode.com/components/httpd.js:1677)
	at <anonymous class>.RequestReader.prototype._processBody(file:///C:/Users/Miha/AppData/Local/Temp/anonymous7272794387484281336webdriver-profile/extensions/fxdriver@googlecode.com/components/httpd.js:1525)
	at <anonymous class>.RequestReader.prototype.onInputStreamReady(file:///C:/Users/Miha/AppData/Local/Temp/anonymous7272794387484281336webdriver-profile/extensions/fxdriver@googlecode.com/components/httpd.js:1393)
... Removed 33 stack frames]]>
    </failure>
  </testcase> <!-- @BeforeMethod beforeBaseMethod -->
  <testcase name="@AfterMethod afterBaseMethod" time="0.0" classname="tests.EditProfileTest">
    <skipped/>
  </testcase> <!-- @AfterMethod afterBaseMethod -->
  <testcase name="@AfterClass afterSuite" time="0.0" classname="tests.EditProfileTest">
    <skipped/>
  </testcase> <!-- @AfterClass afterSuite -->
  <testcase name="@BeforeClass beforeClass" time="0.0" classname="tests.HomePageTest">
    <skipped/>
  </testcase> <!-- @BeforeClass beforeClass -->
  <testcase name="@BeforeMethod beforeBaseMethod" time="0.0" classname="tests.HomePageTest">
    <skipped/>
  </testcase> <!-- @BeforeMethod beforeBaseMethod -->
  <testcase name="@AfterMethod afterBaseMethod" time="0.0" classname="tests.HomePageTest">
    <skipped/>
  </testcase> <!-- @AfterMethod afterBaseMethod -->
  <testcase name="@AfterClass afterSuite" time="0.0" classname="tests.HomePageTest">
    <skipped/>
  </testcase> <!-- @AfterClass afterSuite -->
  <testcase name="@BeforeClass beforeClass" time="0.0" classname="tests.LoginTest">
    <skipped/>
  </testcase> <!-- @BeforeClass beforeClass -->
  <testcase name="@BeforeMethod beforeBaseMethod" time="0.0" classname="tests.LoginTest">
    <skipped/>
  </testcase> <!-- @BeforeMethod beforeBaseMethod -->
  <testcase name="@BeforeMethod beforeMethod" time="0.0" classname="tests.LoginTest">
    <skipped/>
  </testcase> <!-- @BeforeMethod beforeMethod -->
  <testcase name="@AfterMethod afterBaseMethod" time="0.0" classname="tests.LoginTest">
    <skipped/>
  </testcase> <!-- @AfterMethod afterBaseMethod -->
  <testcase name="@BeforeMethod beforeBaseMethod" time="0.0" classname="tests.LoginTest">
    <skipped/>
  </testcase> <!-- @BeforeMethod beforeBaseMethod -->
  <testcase name="@BeforeMethod beforeMethod" time="0.0" classname="tests.LoginTest">
    <skipped/>
  </testcase> <!-- @BeforeMethod beforeMethod -->
  <testcase name="@AfterMethod afterBaseMethod" time="0.0" classname="tests.LoginTest">
    <skipped/>
  </testcase> <!-- @AfterMethod afterBaseMethod -->
  <testcase name="@BeforeMethod beforeBaseMethod" time="0.0" classname="tests.LoginTest">
    <skipped/>
  </testcase> <!-- @BeforeMethod beforeBaseMethod -->
  <testcase name="@BeforeMethod beforeMethod" time="0.0" classname="tests.LoginTest">
    <skipped/>
  </testcase> <!-- @BeforeMethod beforeMethod -->
  <testcase name="@AfterMethod afterBaseMethod" time="0.0" classname="tests.LoginTest">
    <skipped/>
  </testcase> <!-- @AfterMethod afterBaseMethod -->
  <testcase name="@BeforeMethod beforeBaseMethod" time="0.0" classname="tests.LoginTest">
    <skipped/>
  </testcase> <!-- @BeforeMethod beforeBaseMethod -->
  <testcase name="@BeforeMethod beforeMethod" time="0.0" classname="tests.LoginTest">
    <skipped/>
  </testcase> <!-- @BeforeMethod beforeMethod -->
  <testcase name="@AfterMethod afterBaseMethod" time="0.0" classname="tests.LoginTest">
    <skipped/>
  </testcase> <!-- @AfterMethod afterBaseMethod -->
  <testcase name="@AfterClass afterSuite" time="0.0" classname="tests.LoginTest">
    <skipped/>
  </testcase> <!-- @AfterClass afterSuite -->
  <testcase name="canEditProfileWithValidValues" time="0.003" classname="tests.EditProfileTest">
    <skipped/>
  </testcase> <!-- canEditProfileWithValidValues -->
  <testcase name="canVerifyContentOfHomePage" time="0.001" classname="tests.HomePageTest">
    <skipped/>
  </testcase> <!-- canVerifyContentOfHomePage -->
  <testcase name="canLoginWithValidCredentials" time="0.001" classname="tests.LoginTest">
    <skipped/>
  </testcase> <!-- canLoginWithValidCredentials -->
  <testcase name="canNotLoginWithIncorrectLogin" time="0.0" classname="tests.LoginTest">
    <skipped/>
  </testcase> <!-- canNotLoginWithIncorrectLogin -->
  <testcase name="shouldAlertAppearsIfLogInWithEmptyCredentials" time="0.001" classname="tests.LoginTest">
    <skipped/>
  </testcase> <!-- shouldAlertAppearsIfLogInWithEmptyCredentials -->
  <testcase name="shouldAlertAppearsIfLogInWithEmptyCredentials" time="0.001" classname="tests.LoginTest">
    <skipped/>
  </testcase> <!-- shouldAlertAppearsIfLogInWithEmptyCredentials -->
</testsuite> <!-- regression -->
