<?xml version="1.0" encoding="UTF-8"?>
<testng-results skipped="6" failed="0" total="6" passed="0">
  <reporter-output>
  </reporter-output>
  <suite name="regression" duration-ms="21855" started-at="2016-02-07T16:02:50Z" finished-at="2016-02-07T16:03:12Z">
    <groups>
    </groups>
    <test name="regression" duration-ms="21855" started-at="2016-02-07T16:02:50Z" finished-at="2016-02-07T16:03:12Z">
      <class name="tests.LoginTest">
        <test-method status="SKIP" signature="beforeClass()[pri:0, instance:tests.LoginTest@12aa4996]" name="beforeClass" is-config="true" duration-ms="0" started-at="2016-02-07T18:03:12Z" finished-at="2016-02-07T18:03:12Z">
          <reporter-output>
          </reporter-output>
        </test-method> <!-- beforeClass -->
        <test-method status="SKIP" signature="beforeBaseMethod(java.lang.reflect.Method)[pri:0, instance:tests.LoginTest@12aa4996]" name="beforeBaseMethod" is-config="true" duration-ms="0" started-at="2016-02-07T18:03:12Z" finished-at="2016-02-07T18:03:12Z">
          <reporter-output>
          </reporter-output>
        </test-method> <!-- beforeBaseMethod -->
        <test-method status="SKIP" signature="beforeMethod()[pri:0, instance:tests.LoginTest@12aa4996]" name="beforeMethod" is-config="true" duration-ms="0" started-at="2016-02-07T18:03:12Z" finished-at="2016-02-07T18:03:12Z">
          <reporter-output>
          </reporter-output>
        </test-method> <!-- beforeMethod -->
        <test-method status="SKIP" signature="canLoginWithValidCredentials()[pri:0, instance:tests.LoginTest@12aa4996]" name="canLoginWithValidCredentials" duration-ms="1" started-at="2016-02-07T18:03:12Z" finished-at="2016-02-07T18:03:12Z">
          <reporter-output>
          </reporter-output>
        </test-method> <!-- canLoginWithValidCredentials -->
        <test-method status="SKIP" signature="afterBaseMethod(org.testng.ITestResult)[pri:0, instance:tests.LoginTest@12aa4996]" name="afterBaseMethod" is-config="true" duration-ms="0" started-at="2016-02-07T18:03:12Z" finished-at="2016-02-07T18:03:12Z">
          <reporter-output>
          </reporter-output>
        </test-method> <!-- afterBaseMethod -->
        <test-method status="SKIP" signature="beforeBaseMethod(java.lang.reflect.Method)[pri:0, instance:tests.LoginTest@12aa4996]" name="beforeBaseMethod" is-config="true" duration-ms="0" started-at="2016-02-07T18:03:12Z" finished-at="2016-02-07T18:03:12Z">
          <reporter-output>
          </reporter-output>
        </test-method> <!-- beforeBaseMethod -->
        <test-method status="SKIP" signature="beforeMethod()[pri:0, instance:tests.LoginTest@12aa4996]" name="beforeMethod" is-config="true" duration-ms="0" started-at="2016-02-07T18:03:12Z" finished-at="2016-02-07T18:03:12Z">
          <reporter-output>
          </reporter-output>
        </test-method> <!-- beforeMethod -->
        <test-method status="SKIP" signature="canNotLoginWithIncorrectLogin()[pri:0, instance:tests.LoginTest@12aa4996]" name="canNotLoginWithIncorrectLogin" duration-ms="0" started-at="2016-02-07T18:03:12Z" finished-at="2016-02-07T18:03:12Z">
          <reporter-output>
          </reporter-output>
        </test-method> <!-- canNotLoginWithIncorrectLogin -->
        <test-method status="SKIP" signature="afterBaseMethod(org.testng.ITestResult)[pri:0, instance:tests.LoginTest@12aa4996]" name="afterBaseMethod" is-config="true" duration-ms="0" started-at="2016-02-07T18:03:12Z" finished-at="2016-02-07T18:03:12Z">
          <reporter-output>
          </reporter-output>
        </test-method> <!-- afterBaseMethod -->
        <test-method status="SKIP" signature="beforeMethod()[pri:0, instance:tests.LoginTest@12aa4996]" name="beforeMethod" is-config="true" duration-ms="0" started-at="2016-02-07T18:03:12Z" finished-at="2016-02-07T18:03:12Z">
          <reporter-output>
          </reporter-output>
        </test-method> <!-- beforeMethod -->
        <test-method status="SKIP" signature="beforeBaseMethod(java.lang.reflect.Method)[pri:0, instance:tests.LoginTest@12aa4996]" name="beforeBaseMethod" is-config="true" duration-ms="0" started-at="2016-02-07T18:03:12Z" finished-at="2016-02-07T18:03:12Z">
          <reporter-output>
          </reporter-output>
        </test-method> <!-- beforeBaseMethod -->
        <test-method status="SKIP" signature="shouldAlertAppearsIfLogInWithEmptyCredentials(java.lang.String, java.lang.String)[pri:0, instance:tests.LoginTest@12aa4996]" name="shouldAlertAppearsIfLogInWithEmptyCredentials" duration-ms="1" started-at="2016-02-07T18:03:12Z" data-provider="credentials" finished-at="2016-02-07T18:03:12Z">
          <params>
            <param index="0">
              <value>
                <![CDATA[]]>
              </value>
            </param>
            <param index="1">
              <value>
                <![CDATA[Qw1111]]>
              </value>
            </param>
          </params>
          <reporter-output>
          </reporter-output>
        </test-method> <!-- shouldAlertAppearsIfLogInWithEmptyCredentials -->
        <test-method status="SKIP" signature="beforeBaseMethod(java.lang.reflect.Method)[pri:0, instance:tests.LoginTest@12aa4996]" name="beforeBaseMethod" is-config="true" duration-ms="0" started-at="2016-02-07T18:03:12Z" finished-at="2016-02-07T18:03:12Z">
          <reporter-output>
          </reporter-output>
        </test-method> <!-- beforeBaseMethod -->
        <test-method status="SKIP" signature="afterBaseMethod(org.testng.ITestResult)[pri:0, instance:tests.LoginTest@12aa4996]" name="afterBaseMethod" is-config="true" duration-ms="0" started-at="2016-02-07T18:03:12Z" finished-at="2016-02-07T18:03:12Z">
          <reporter-output>
          </reporter-output>
        </test-method> <!-- afterBaseMethod -->
        <test-method status="SKIP" signature="beforeMethod()[pri:0, instance:tests.LoginTest@12aa4996]" name="beforeMethod" is-config="true" duration-ms="0" started-at="2016-02-07T18:03:12Z" finished-at="2016-02-07T18:03:12Z">
          <reporter-output>
          </reporter-output>
        </test-method> <!-- beforeMethod -->
        <test-method status="SKIP" signature="shouldAlertAppearsIfLogInWithEmptyCredentials(java.lang.String, java.lang.String)[pri:0, instance:tests.LoginTest@12aa4996]" name="shouldAlertAppearsIfLogInWithEmptyCredentials" duration-ms="1" started-at="2016-02-07T18:03:12Z" data-provider="credentials" finished-at="2016-02-07T18:03:12Z">
          <params>
            <param index="0">
              <value>
                <![CDATA[minchekov160@hotmail.com]]>
              </value>
            </param>
            <param index="1">
              <value>
                <![CDATA[]]>
              </value>
            </param>
          </params>
          <reporter-output>
          </reporter-output>
        </test-method> <!-- shouldAlertAppearsIfLogInWithEmptyCredentials -->
        <test-method status="SKIP" signature="afterBaseMethod(org.testng.ITestResult)[pri:0, instance:tests.LoginTest@12aa4996]" name="afterBaseMethod" is-config="true" duration-ms="0" started-at="2016-02-07T18:03:12Z" finished-at="2016-02-07T18:03:12Z">
          <reporter-output>
          </reporter-output>
        </test-method> <!-- afterBaseMethod -->
        <test-method status="SKIP" signature="afterSuite()[pri:0, instance:tests.LoginTest@12aa4996]" name="afterSuite" is-config="true" duration-ms="0" started-at="2016-02-07T18:03:12Z" finished-at="2016-02-07T18:03:12Z">
          <reporter-output>
          </reporter-output>
        </test-method> <!-- afterSuite -->
      </class> <!-- tests.LoginTest -->
      <class name="tests.EditProfileTest">
        <test-method status="PASS" signature="beforeClass()[pri:0, instance:tests.EditProfileTest@77010a30]" name="beforeClass" is-config="true" duration-ms="12157" started-at="2016-02-07T18:02:50Z" finished-at="2016-02-07T18:03:02Z">
          <reporter-output>
          </reporter-output>
        </test-method> <!-- beforeClass -->
        <test-method status="FAIL" signature="beforeBaseMethod(java.lang.reflect.Method)[pri:0, instance:tests.EditProfileTest@77010a30]" name="beforeBaseMethod" is-config="true" duration-ms="0" started-at="2016-02-07T18:03:02Z" finished-at="2016-02-07T18:03:02Z">
          <params>
            <param index="0">
              <value>
                <![CDATA[public void tests.EditProfileTest.canEditProfileWithValidValues(framework.dataobjects.ProfileData)]]>
              </value>
            </param>
          </params>
          <exception class="org.openqa.selenium.NoSuchWindowException">
            <message>
              <![CDATA[Window not found. The browser window may have been closed.
Command duration or timeout: 25 milliseconds
Build info: version: '2.48.2', revision: '41bccdd10cf2c0560f637404c2d96164b67d9d67', time: '2015-10-09 13:08:06'
System info: host: 'Miha-PC', ip: '192.168.0.103', os.name: 'Windows 7', os.arch: 'amd64', os.version: '6.1', java.version: '1.8.0_72'
Driver info: org.openqa.selenium.firefox.FirefoxDriver
Capabilities [{applicationCacheEnabled=true, rotatable=false, handlesAlerts=true, databaseEnabled=true, version=43.0.1, platform=WINDOWS, nativeEvents=false, acceptSslCerts=true, webStorageEnabled=true, locationContextEnabled=true, browserName=firefox, takesScreenshot=true, javascriptEnabled=true, cssSelectorsEnabled=true}]
Session ID: e02a8d11-8c0a-4255-9bfd-79ae8f373d08]]>
            </message>
            <full-stacktrace>
              <![CDATA[org.openqa.selenium.NoSuchWindowException: Window not found. The browser window may have been closed.
Command duration or timeout: 25 milliseconds
Build info: version: '2.48.2', revision: '41bccdd10cf2c0560f637404c2d96164b67d9d67', time: '2015-10-09 13:08:06'
System info: host: 'Miha-PC', ip: '192.168.0.103', os.name: 'Windows 7', os.arch: 'amd64', os.version: '6.1', java.version: '1.8.0_72'
Driver info: org.openqa.selenium.firefox.FirefoxDriver
Capabilities [{applicationCacheEnabled=true, rotatable=false, handlesAlerts=true, databaseEnabled=true, version=43.0.1, platform=WINDOWS, nativeEvents=false, acceptSslCerts=true, webStorageEnabled=true, locationContextEnabled=true, browserName=firefox, takesScreenshot=true, javascriptEnabled=true, cssSelectorsEnabled=true}]
Session ID: e02a8d11-8c0a-4255-9bfd-79ae8f373d08
	at sun.reflect.NativeConstructorAccessorImpl.newInstance0(Native Method)
	at sun.reflect.NativeConstructorAccessorImpl.newInstance(NativeConstructorAccessorImpl.java:62)
	at sun.reflect.DelegatingConstructorAccessorImpl.newInstance(DelegatingConstructorAccessorImpl.java:45)
	at java.lang.reflect.Constructor.newInstance(Constructor.java:423)
	at org.openqa.selenium.remote.ErrorHandler.createThrowable(ErrorHandler.java:206)
	at org.openqa.selenium.remote.ErrorHandler.throwIfResponseFailed(ErrorHandler.java:158)
	at org.openqa.selenium.remote.RemoteWebDriver.execute(RemoteWebDriver.java:647)
	at org.openqa.selenium.remote.RemoteWebDriver.execute(RemoteWebDriver.java:670)
	at org.openqa.selenium.remote.RemoteWebDriver$RemoteTargetLocator.alert(RemoteWebDriver.java:1007)
	at framework.pageobject.PageObject.switchToAlert(PageObject.java:22)
	at framework.pageobject.page.LoginPage.tryLoginAs(LoginPage.java:35)
	at framework.pageobject.page.LoginPage.loginAs(LoginPage.java:60)
	at tests.BaseTest.beforeBaseMethod(BaseTest.java:39)
	at sun.reflect.NativeMethodAccessorImpl.invoke0(Native Method)
	at sun.reflect.NativeMethodAccessorImpl.invoke(NativeMethodAccessorImpl.java:62)
	at sun.reflect.DelegatingMethodAccessorImpl.invoke(DelegatingMethodAccessorImpl.java:43)
	at java.lang.reflect.Method.invoke(Method.java:498)
	at org.testng.internal.MethodInvocationHelper.invokeMethod(MethodInvocationHelper.java:85)
	at org.testng.internal.Invoker.invokeConfigurationMethod(Invoker.java:510)
	at org.testng.internal.Invoker.invokeConfigurations(Invoker.java:211)
	at org.testng.internal.Invoker.invokeMethod(Invoker.java:585)
	at org.testng.internal.Invoker.invokeTestMethod(Invoker.java:816)
	at org.testng.internal.Invoker.invokeTestMethods(Invoker.java:1124)
	at org.testng.internal.TestMethodWorker.invokeTestMethods(TestMethodWorker.java:125)
	at org.testng.internal.TestMethodWorker.run(TestMethodWorker.java:108)
	at org.testng.TestRunner.privateRun(TestRunner.java:774)
	at org.testng.TestRunner.run(TestRunner.java:624)
	at org.testng.SuiteRunner.runTest(SuiteRunner.java:359)
	at org.testng.SuiteRunner.runSequentially(SuiteRunner.java:354)
	at org.testng.SuiteRunner.privateRun(SuiteRunner.java:312)
	at org.testng.SuiteRunner.run(SuiteRunner.java:261)
	at org.testng.SuiteRunnerWorker.runSuite(SuiteRunnerWorker.java:52)
	at org.testng.SuiteRunnerWorker.run(SuiteRunnerWorker.java:86)
	at org.testng.TestNG.runSuitesSequentially(TestNG.java:1191)
	at org.testng.TestNG.runSuitesLocally(TestNG.java:1116)
	at org.testng.TestNG.run(TestNG.java:1024)
	at org.apache.maven.surefire.testng.TestNGExecutor.run(TestNGExecutor.java:295)
	at org.apache.maven.surefire.testng.TestNGXmlTestSuite.execute(TestNGXmlTestSuite.java:84)
	at org.apache.maven.surefire.testng.TestNGProvider.invoke(TestNGProvider.java:90)
	at org.apache.maven.surefire.booter.ForkedBooter.invokeProviderInSameClassLoader(ForkedBooter.java:203)
	at org.apache.maven.surefire.booter.ForkedBooter.runSuitesInProcess(ForkedBooter.java:155)
	at org.apache.maven.surefire.booter.ForkedBooter.main(ForkedBooter.java:103)
Caused by: org.openqa.selenium.NoSuchWindowException: Window not found. The browser window may have been closed.
Build info: version: '2.48.2', revision: '41bccdd10cf2c0560f637404c2d96164b67d9d67', time: '2015-10-09 13:08:06'
System info: host: 'Miha-PC', ip: '192.168.0.103', os.name: 'Windows 7', os.arch: 'amd64', os.version: '6.1', java.version: '1.8.0_72'
Driver info: driver.version: unknown
	at <anonymous class>.nsCommandProcessor.prototype.execute(file:///C:/Users/Miha/AppData/Local/Temp/anonymous7272794387484281336webdriver-profile/extensions/fxdriver@googlecode.com/components/command-processor.js:12602)
	at <anonymous class>.Dispatcher.executeAs/<(file:///C:/Users/Miha/AppData/Local/Temp/anonymous7272794387484281336webdriver-profile/extensions/fxdriver@googlecode.com/components/driver-component.js:9455)
	at <anonymous class>.Resource.prototype.handle(file:///C:/Users/Miha/AppData/Local/Temp/anonymous7272794387484281336webdriver-profile/extensions/fxdriver@googlecode.com/components/driver-component.js:9602)
	at <anonymous class>.Dispatcher.prototype.dispatch(file:///C:/Users/Miha/AppData/Local/Temp/anonymous7272794387484281336webdriver-profile/extensions/fxdriver@googlecode.com/components/driver-component.js:9549)
	at <anonymous class>.WebDriverServer/<.handle(file:///C:/Users/Miha/AppData/Local/Temp/anonymous7272794387484281336webdriver-profile/extensions/fxdriver@googlecode.com/components/driver-component.js:12390)
	at <anonymous class>.createHandlerFunc/<(file:///C:/Users/Miha/AppData/Local/Temp/anonymous7272794387484281336webdriver-profile/extensions/fxdriver@googlecode.com/components/httpd.js:2054)
	at <anonymous class>.ServerHandler.prototype.handleResponse(file:///C:/Users/Miha/AppData/Local/Temp/anonymous7272794387484281336webdriver-profile/extensions/fxdriver@googlecode.com/components/httpd.js:2387)
	at <anonymous class>.Connection.prototype.process(file:///C:/Users/Miha/AppData/Local/Temp/anonymous7272794387484281336webdriver-profile/extensions/fxdriver@googlecode.com/components/httpd.js:1223)
	at <anonymous class>.RequestReader.prototype._handleResponse(file:///C:/Users/Miha/AppData/Local/Temp/anonymous7272794387484281336webdriver-profile/extensions/fxdriver@googlecode.com/components/httpd.js:1677)
	at <anonymous class>.RequestReader.prototype._processBody(file:///C:/Users/Miha/AppData/Local/Temp/anonymous7272794387484281336webdriver-profile/extensions/fxdriver@googlecode.com/components/httpd.js:1525)
	at <anonymous class>.RequestReader.prototype.onInputStreamReady(file:///C:/Users/Miha/AppData/Local/Temp/anonymous7272794387484281336webdriver-profile/extensions/fxdriver@googlecode.com/components/httpd.js:1393)
]]>
            </full-stacktrace>
          </exception> <!-- org.openqa.selenium.NoSuchWindowException -->
          <reporter-output>
          </reporter-output>
        </test-method> <!-- beforeBaseMethod -->
        <test-method status="SKIP" signature="canEditProfileWithValidValues(framework.dataobjects.ProfileData)[pri:0, instance:tests.EditProfileTest@77010a30]" name="canEditProfileWithValidValues" duration-ms="3" started-at="2016-02-07T18:03:12Z" data-provider="profile" finished-at="2016-02-07T18:03:12Z">
          <params>
            <param index="0">
              <value>
                <![CDATA[ProfileData{firstName='UX', lastName='LS', companyName='HI', website='http://www.l.c', title='b', phone='7387550', timeZone=AFRICA_ABIDJAN, itemsPerPage=20, maxFileAge=0}]]>
              </value>
            </param>
          </params>
          <reporter-output>
          </reporter-output>
        </test-method> <!-- canEditProfileWithValidValues -->
        <test-method status="SKIP" signature="afterBaseMethod(org.testng.ITestResult)[pri:0, instance:tests.EditProfileTest@77010a30]" name="afterBaseMethod" is-config="true" duration-ms="0" started-at="2016-02-07T18:03:12Z" finished-at="2016-02-07T18:03:12Z">
          <reporter-output>
          </reporter-output>
        </test-method> <!-- afterBaseMethod -->
        <test-method status="SKIP" signature="afterSuite()[pri:0, instance:tests.EditProfileTest@77010a30]" name="afterSuite" is-config="true" duration-ms="0" started-at="2016-02-07T18:03:12Z" finished-at="2016-02-07T18:03:12Z">
          <reporter-output>
          </reporter-output>
        </test-method> <!-- afterSuite -->
      </class> <!-- tests.EditProfileTest -->
      <class name="tests.HomePageTest">
        <test-method status="SKIP" signature="beforeClass()[pri:0, instance:tests.HomePageTest@4bb003e9]" name="beforeClass" is-config="true" duration-ms="0" started-at="2016-02-07T18:03:12Z" finished-at="2016-02-07T18:03:12Z">
          <reporter-output>
          </reporter-output>
        </test-method> <!-- beforeClass -->
        <test-method status="SKIP" signature="beforeBaseMethod(java.lang.reflect.Method)[pri:0, instance:tests.HomePageTest@4bb003e9]" name="beforeBaseMethod" is-config="true" duration-ms="0" started-at="2016-02-07T18:03:12Z" finished-at="2016-02-07T18:03:12Z">
          <reporter-output>
          </reporter-output>
        </test-method> <!-- beforeBaseMethod -->
        <test-method status="SKIP" signature="canVerifyContentOfHomePage()[pri:0, instance:tests.HomePageTest@4bb003e9]" name="canVerifyContentOfHomePage" duration-ms="1" started-at="2016-02-07T18:03:12Z" finished-at="2016-02-07T18:03:12Z">
          <reporter-output>
          </reporter-output>
        </test-method> <!-- canVerifyContentOfHomePage -->
        <test-method status="SKIP" signature="afterBaseMethod(org.testng.ITestResult)[pri:0, instance:tests.HomePageTest@4bb003e9]" name="afterBaseMethod" is-config="true" duration-ms="0" started-at="2016-02-07T18:03:12Z" finished-at="2016-02-07T18:03:12Z">
          <reporter-output>
          </reporter-output>
        </test-method> <!-- afterBaseMethod -->
        <test-method status="SKIP" signature="afterSuite()[pri:0, instance:tests.HomePageTest@4bb003e9]" name="afterSuite" is-config="true" duration-ms="0" started-at="2016-02-07T18:03:12Z" finished-at="2016-02-07T18:03:12Z">
          <reporter-output>
          </reporter-output>
        </test-method> <!-- afterSuite -->
      </class> <!-- tests.HomePageTest -->
    </test> <!-- regression -->
  </suite> <!-- regression -->
</testng-results>
